<?xml version="1.0" encoding="UTF-8"?>
<!-- Generated by org.testng.reporters.JUnitReportReporter -->
<testsuite hostname="DESKTOP-34D1P4I" failures="0" tests="1" name="project.selenuimTest" time="٦.٦٤٦" errors="0" timestamp="٢٠٢١-٠٦-١٥T١٣:٣٥:٤٤ AST" skipped="0">
  <testcase classname="project.selenuimTest" name="Wibsite" time="٦.٦٤٦"/>
  <system-out/>
</testsuite> <!-- project.selenuimTest -->
