<?xml version="1.0" encoding="UTF-8"?>
<!-- Generated by org.testng.reporters.JUnitReportReporter -->
<testsuite hostname="DESKTOP-34D1P4I" failures="0" tests="1" name="project.TestNGClass" time="٤.٩٣٠" errors="0" timestamp="٢٠٢١-٠٧-٠١T٢١:٤٧:١٤ AST" skipped="0">
  <testcase classname="project.TestNGClass" name="rest_API_test" time="٤.٩٣٠"/>
  <system-out/>
</testsuite> <!-- project.TestNGClass -->
