<?xml version="1.0" encoding="UTF-8"?>
<!-- Generated by org.testng.reporters.JUnitReportReporter -->
<testsuite hostname="DESKTOP-34D1P4I" failures="0" tests="1" name="project.node1" time="٢٥.٠١٤" errors="0" timestamp="٢٠٢١-٠٧-٠١T٢٠:٤٩:١٢ AST" skipped="0">
  <testcase classname="project.node1" name="f" time="٢٥.٠١٤"/>
  <system-out/>
</testsuite> <!-- project.node1 -->
