<?xml version="1.0" encoding="UTF-8"?>
<!-- Generated by org.testng.reporters.JUnitReportReporter -->
<testsuite hostname="DESKTOP-34D1P4I" failures="0" tests="1" name="project.node2" time="٣١.٩٠٩" errors="0" timestamp="٢٠٢١-٠٧-٠١T٢٠:٤٩:١٢ AST" skipped="0">
  <testcase classname="project.node2" name="f" time="٣١.٩٠٩"/>
  <system-out/>
</testsuite> <!-- project.node2 -->
